2025-10-26 19:09:46.969 [main] INFO  io.ktor.server.Application - Autoreload is disabled because the development mode is off.
2025-10-26 19:09:47.124 [main] INFO  io.ktor.server.Application - Application started in 0.235 seconds.
2025-10-26 19:09:47.188 [DefaultDispatcher-worker-1] INFO  io.ktor.server.Application - Responding at http://0.0.0.0:8080
2025-10-26 19:09:47.839 [eventLoopGroupProxy-4-1] TRACE io.ktor.server.routing.Routing - Trace for [health]
/, segment:0 -> SUCCESS @ /
  /health, segment:1 -> SUCCESS @ /health
    /health/(method:GET), segment:1 -> SUCCESS @ /health/(method:GET)
  /api, segment:0 -> FAILURE "Selector didn't match" @ /api
Matched routes:
  "" -> "health" -> "(method:GET)"
Routing resolve result:
  SUCCESS @ /health/(method:GET)
2025-10-26 19:09:47.853 [eventLoopGroupProxy-4-1] TRACE i.k.s.p.statuspages.StatusPages - No handler found for status code 200 OK for call: /health
2025-10-26 19:09:47.864 [eventLoopGroupProxy-4-2] TRACE io.ktor.server.routing.Routing - Trace for [health]
/, segment:0 -> SUCCESS @ /
  /health, segment:1 -> SUCCESS @ /health
    /health/(method:GET), segment:1 -> SUCCESS @ /health/(method:GET)
  /api, segment:0 -> FAILURE "Selector didn't match" @ /api
Matched routes:
  "" -> "health" -> "(method:GET)"
Routing resolve result:
  SUCCESS @ /health/(method:GET)
2025-10-26 19:09:47.864 [eventLoopGroupProxy-4-2] TRACE i.k.s.p.statuspages.StatusPages - No handler found for status code 200 OK for call: /health
